<?xml version="1.0" encoding="UTF-8"?>
<testsuite name="As a user I want to register in the web Automation Demo Site verify the home screen" tests="1" skipped="0" failures="0" errors="0" timestamp="2022-10-22T02:17:25" hostname="ALEJO" time="41.513">
  <properties/>
  <testcase name="Register in the web Automation Demo Site" classname="As a user I want to register in the web Automation Demo Site verify the home screen" time="41.513"/>
  <system-out><![CDATA[]]></system-out>
  <system-err><![CDATA[[Test worker] WARN net.thucydides.core.steps.BaseStepListener - stepStarted: net.thucydides.core.steps.ExecutedStepDescription@4e216eae
[Test worker] WARN net.thucydides.core.steps.BaseStepListener - stepStarted: net.thucydides.core.steps.ExecutedStepDescription@37c6f7ce
[Test worker] WARN net.thucydides.core.steps.BaseStepListener - stepStarted: net.thucydides.core.steps.ExecutedStepDescription@1d882eea
oct. 21, 2022 9:17:27 P. M. org.openqa.selenium.remote.DesiredCapabilities chrome
INFORMACIÓN: Using `new ChromeOptions()` is preferred to `DesiredCapabilities.chrome()`
[Test worker] INFO net.serenitybdd.core.webdriver.driverproviders.ProvideNewDriver - Instantiating driver
[Test worker] INFO net.serenitybdd.core.webdriver.driverproviders.ProvideNewDriver - Driver capabilities: Capabilities {acceptInsecureCerts: false, browserName: chrome, chrome.switches: --start-maximized, goog:chromeOptions: {args: [--start-maximized], extensions: []}, loggingPrefs: org.openqa.selenium.logging..., platform: ANY, version: }
Starting ChromeDriver 106.0.5249.61 (511755355844955cd3e264779baf0dd38212a4d0-refs/branch-heads/5249@{#569}) on port 45917
Only local connections are allowed.
Please see https://chromedriver.chromium.org/security-considerations for suggestions on keeping ChromeDriver safe.
ChromeDriver was started successfully.
oct. 21, 2022 9:17:32 P. M. org.openqa.selenium.remote.ProtocolHandshake createSession
INFORMACIÓN: Detected dialect: W3C
[Test worker] WARN net.thucydides.core.steps.BaseStepListener - stepFinished: current outcome:Register in the web Automation Demo Site:Given that Luis wants to access the web Automation Demo Site [Luis open up [Luis opens the Automation demo site]]
[Test worker] WARN net.thucydides.core.steps.BaseStepListener - stepFinished: current outcome:Register in the web Automation Demo Site:Given that Luis wants to access the web Automation Demo Site [Luis open up [Luis opens the Automation demo site]]
[Test worker] WARN net.thucydides.core.steps.BaseStepListener - stepStarted: net.thucydides.core.steps.ExecutedStepDescription@4156f744
[Test worker] WARN net.thucydides.core.steps.BaseStepListener - stepStarted: net.thucydides.core.steps.ExecutedStepDescription@305183d
[Test worker] WARN net.thucydides.core.steps.BaseStepListener - stepFinished: current outcome:Register in the web Automation Demo Site:Given that Luis wants to access the web Automation Demo Site [Luis open up [Luis opens the Automation demo site], Luis complete data [Luis opens the Automation demo site]]
[Test worker] WARN net.thucydides.core.steps.BaseStepListener - stepFinished: current outcome:Register in the web Automation Demo Site:Given that Luis wants to access the web Automation Demo Site [Luis open up [Luis opens the Automation demo site], Luis complete data [Luis opens the Automation demo site]]
[Test worker] WARN net.thucydides.core.steps.BaseStepListener - stepFinished: current outcome:Register in the web Automation Demo Site:Given that Luis wants to access the web Automation Demo Site [Luis open up [Luis opens the Automation demo site], Luis complete data [Luis opens the Automation demo site]]
[Test worker] WARN net.thucydides.core.steps.BaseStepListener - stepStarted: net.thucydides.core.steps.ExecutedStepDescription@987aef9
[Test worker] WARN net.thucydides.core.steps.BaseStepListener - stepStarted: net.thucydides.core.steps.ExecutedStepDescription@59266f4f
[Test worker] WARN net.thucydides.core.steps.BaseStepListener - stepStarted: net.thucydides.core.steps.ExecutedStepDescription@10e0ba12
[Test worker] WARN net.thucydides.core.steps.BaseStepListener - stepFinished: current outcome:Register in the web Automation Demo Site:Given that Luis wants to access the web Automation Demo Site [Luis open up [Luis opens the Automation demo site], Luis complete data [Luis opens the Automation demo site]], When he performs the registration on the page
| strFirstName | strLastName | strAddress | strEmailAddress | strPhone | strGender | strHobbies | strLanguages | strSkills | strCountry | strSelectCountry | strYearBirth | strMonthBirth | strDayBirth | strPassword | strConfirmPassword |
| Luis | Rey | Cll 31 # 24 - 36 | luisrey@gmail.com | 3216549870 | Male | Movies | English | Java | Select Country | Australia | 1999 | November | 8 | Alejo12345 | Alejo12345 | [Luis llenar [Luis enters 'Luis' into Nombre del usuario]]
[Test worker] WARN net.thucydides.core.steps.BaseStepListener - stepStarted: net.thucydides.core.steps.ExecutedStepDescription@7b55e321
[Test worker] WARN net.thucydides.core.steps.BaseStepListener - stepFinished: current outcome:Register in the web Automation Demo Site:Given that Luis wants to access the web Automation Demo Site [Luis open up [Luis opens the Automation demo site], Luis complete data [Luis opens the Automation demo site]], When he performs the registration on the page
| strFirstName | strLastName | strAddress | strEmailAddress | strPhone | strGender | strHobbies | strLanguages | strSkills | strCountry | strSelectCountry | strYearBirth | strMonthBirth | strDayBirth | strPassword | strConfirmPassword |
| Luis | Rey | Cll 31 # 24 - 36 | luisrey@gmail.com | 3216549870 | Male | Movies | English | Java | Select Country | Australia | 1999 | November | 8 | Alejo12345 | Alejo12345 | [Luis llenar [Luis enters 'Luis' into Nombre del usuario, Luis enters 'Rey' into Apellido del usuario]]
[Test worker] WARN net.thucydides.core.steps.BaseStepListener - stepStarted: net.thucydides.core.steps.ExecutedStepDescription@6898b73c
[Test worker] WARN net.thucydides.core.steps.BaseStepListener - stepFinished: current outcome:Register in the web Automation Demo Site:Given that Luis wants to access the web Automation Demo Site [Luis open up [Luis opens the Automation demo site], Luis complete data [Luis opens the Automation demo site]], When he performs the registration on the page
| strFirstName | strLastName | strAddress | strEmailAddress | strPhone | strGender | strHobbies | strLanguages | strSkills | strCountry | strSelectCountry | strYearBirth | strMonthBirth | strDayBirth | strPassword | strConfirmPassword |
| Luis | Rey | Cll 31 # 24 - 36 | luisrey@gmail.com | 3216549870 | Male | Movies | English | Java | Select Country | Australia | 1999 | November | 8 | Alejo12345 | Alejo12345 | [Luis llenar [Luis enters 'Luis' into Nombre del usuario, Luis enters 'Rey' into Apellido del usuario, Luis enters 'Cll 31 # 24 - 36' into Direccion de domicilio del usuario]]
[Test worker] WARN net.thucydides.core.steps.BaseStepListener - stepStarted: net.thucydides.core.steps.ExecutedStepDescription@47704902
[Test worker] WARN net.thucydides.core.steps.BaseStepListener - stepFinished: current outcome:Register in the web Automation Demo Site:Given that Luis wants to access the web Automation Demo Site [Luis open up [Luis opens the Automation demo site], Luis complete data [Luis opens the Automation demo site]], When he performs the registration on the page
| strFirstName | strLastName | strAddress | strEmailAddress | strPhone | strGender | strHobbies | strLanguages | strSkills | strCountry | strSelectCountry | strYearBirth | strMonthBirth | strDayBirth | strPassword | strConfirmPassword |
| Luis | Rey | Cll 31 # 24 - 36 | luisrey@gmail.com | 3216549870 | Male | Movies | English | Java | Select Country | Australia | 1999 | November | 8 | Alejo12345 | Alejo12345 | [Luis llenar [Luis enters 'Luis' into Nombre del usuario, Luis enters 'Rey' into Apellido del usuario, Luis enters 'Cll 31 # 24 - 36' into Direccion de domicilio del usuario, Luis enters 'luisrey@gmail.com' into Correo electronico del usuario]]
[Test worker] WARN net.thucydides.core.steps.BaseStepListener - stepStarted: net.thucydides.core.steps.ExecutedStepDescription@52383753
[Test worker] WARN net.thucydides.core.steps.BaseStepListener - stepFinished: current outcome:Register in the web Automation Demo Site:Given that Luis wants to access the web Automation Demo Site [Luis open up [Luis opens the Automation demo site], Luis complete data [Luis opens the Automation demo site]], When he performs the registration on the page
| strFirstName | strLastName | strAddress | strEmailAddress | strPhone | strGender | strHobbies | strLanguages | strSkills | strCountry | strSelectCountry | strYearBirth | strMonthBirth | strDayBirth | strPassword | strConfirmPassword |
| Luis | Rey | Cll 31 # 24 - 36 | luisrey@gmail.com | 3216549870 | Male | Movies | English | Java | Select Country | Australia | 1999 | November | 8 | Alejo12345 | Alejo12345 | [Luis llenar [Luis enters 'Luis' into Nombre del usuario, Luis enters 'Rey' into Apellido del usuario, Luis enters 'Cll 31 # 24 - 36' into Direccion de domicilio del usuario, Luis enters 'luisrey@gmail.com' into Correo electronico del usuario, Luis enters '3216549870' into Numero telefonico del usuario]]
[Test worker] WARN net.thucydides.core.steps.BaseStepListener - stepStarted: net.thucydides.core.steps.ExecutedStepDescription@5b7051cf
[Test worker] WARN net.thucydides.core.steps.BaseStepListener - stepFinished: current outcome:Register in the web Automation Demo Site:Given that Luis wants to access the web Automation Demo Site [Luis open up [Luis opens the Automation demo site], Luis complete data [Luis opens the Automation demo site]], When he performs the registration on the page
| strFirstName | strLastName | strAddress | strEmailAddress | strPhone | strGender | strHobbies | strLanguages | strSkills | strCountry | strSelectCountry | strYearBirth | strMonthBirth | strDayBirth | strPassword | strConfirmPassword |
| Luis | Rey | Cll 31 # 24 - 36 | luisrey@gmail.com | 3216549870 | Male | Movies | English | Java | Select Country | Australia | 1999 | November | 8 | Alejo12345 | Alejo12345 | [Luis llenar [Luis enters 'Luis' into Nombre del usuario, Luis enters 'Rey' into Apellido del usuario, Luis enters 'Cll 31 # 24 - 36' into Direccion de domicilio del usuario, Luis enters 'luisrey@gmail.com' into Correo electronico del usuario, Luis enters '3216549870' into Numero telefonico del usuario, Luis clicks on Genero del usuario]]
[Test worker] WARN net.thucydides.core.steps.BaseStepListener - stepStarted: net.thucydides.core.steps.ExecutedStepDescription@f5a936f
[Test worker] WARN net.thucydides.core.steps.BaseStepListener - stepFinished: current outcome:Register in the web Automation Demo Site:Given that Luis wants to access the web Automation Demo Site [Luis open up [Luis opens the Automation demo site], Luis complete data [Luis opens the Automation demo site]], When he performs the registration on the page
| strFirstName | strLastName | strAddress | strEmailAddress | strPhone | strGender | strHobbies | strLanguages | strSkills | strCountry | strSelectCountry | strYearBirth | strMonthBirth | strDayBirth | strPassword | strConfirmPassword |
| Luis | Rey | Cll 31 # 24 - 36 | luisrey@gmail.com | 3216549870 | Male | Movies | English | Java | Select Country | Australia | 1999 | November | 8 | Alejo12345 | Alejo12345 | [Luis llenar [Luis enters 'Luis' into Nombre del usuario, Luis enters 'Rey' into Apellido del usuario, Luis enters 'Cll 31 # 24 - 36' into Direccion de domicilio del usuario, Luis enters 'luisrey@gmail.com' into Correo electronico del usuario, Luis enters '3216549870' into Numero telefonico del usuario, Luis clicks on Genero del usuario, Luis clicks on Pasatiempo del usuario]]
[Test worker] WARN net.thucydides.core.steps.BaseStepListener - stepStarted: net.thucydides.core.steps.ExecutedStepDescription@744645d
[Test worker] WARN net.thucydides.core.steps.BaseStepListener - stepFinished: current outcome:Register in the web Automation Demo Site:Given that Luis wants to access the web Automation Demo Site [Luis open up [Luis opens the Automation demo site], Luis complete data [Luis opens the Automation demo site]], When he performs the registration on the page
| strFirstName | strLastName | strAddress | strEmailAddress | strPhone | strGender | strHobbies | strLanguages | strSkills | strCountry | strSelectCountry | strYearBirth | strMonthBirth | strDayBirth | strPassword | strConfirmPassword |
| Luis | Rey | Cll 31 # 24 - 36 | luisrey@gmail.com | 3216549870 | Male | Movies | English | Java | Select Country | Australia | 1999 | November | 8 | Alejo12345 | Alejo12345 | [Luis llenar [Luis enters 'Luis' into Nombre del usuario, Luis enters 'Rey' into Apellido del usuario, Luis enters 'Cll 31 # 24 - 36' into Direccion de domicilio del usuario, Luis enters 'luisrey@gmail.com' into Correo electronico del usuario, Luis enters '3216549870' into Numero telefonico del usuario, Luis clicks on Genero del usuario, Luis clicks on Pasatiempo del usuario, Luis clicks on Idioma que habla el usuario]]
[Test worker] WARN net.thucydides.core.steps.BaseStepListener - stepStarted: net.thucydides.core.steps.ExecutedStepDescription@4fce5350
[Test worker] WARN net.thucydides.core.steps.BaseStepListener - stepFinished: current outcome:Register in the web Automation Demo Site:Given that Luis wants to access the web Automation Demo Site [Luis open up [Luis opens the Automation demo site], Luis complete data [Luis opens the Automation demo site]], When he performs the registration on the page
| strFirstName | strLastName | strAddress | strEmailAddress | strPhone | strGender | strHobbies | strLanguages | strSkills | strCountry | strSelectCountry | strYearBirth | strMonthBirth | strDayBirth | strPassword | strConfirmPassword |
| Luis | Rey | Cll 31 # 24 - 36 | luisrey@gmail.com | 3216549870 | Male | Movies | English | Java | Select Country | Australia | 1999 | November | 8 | Alejo12345 | Alejo12345 | [Luis llenar [Luis enters 'Luis' into Nombre del usuario, Luis enters 'Rey' into Apellido del usuario, Luis enters 'Cll 31 # 24 - 36' into Direccion de domicilio del usuario, Luis enters 'luisrey@gmail.com' into Correo electronico del usuario, Luis enters '3216549870' into Numero telefonico del usuario, Luis clicks on Genero del usuario, Luis clicks on Pasatiempo del usuario, Luis clicks on Idioma que habla el usuario, Luis clicks on Idioma que habla el usuario]]
[Test worker] WARN net.thucydides.core.steps.BaseStepListener - stepStarted: net.thucydides.core.steps.ExecutedStepDescription@2ee2014
[Test worker] WARN net.thucydides.core.steps.BaseStepListener - stepFinished: current outcome:Register in the web Automation Demo Site:Given that Luis wants to access the web Automation Demo Site [Luis open up [Luis opens the Automation demo site], Luis complete data [Luis opens the Automation demo site]], When he performs the registration on the page
| strFirstName | strLastName | strAddress | strEmailAddress | strPhone | strGender | strHobbies | strLanguages | strSkills | strCountry | strSelectCountry | strYearBirth | strMonthBirth | strDayBirth | strPassword | strConfirmPassword |
| Luis | Rey | Cll 31 # 24 - 36 | luisrey@gmail.com | 3216549870 | Male | Movies | English | Java | Select Country | Australia | 1999 | November | 8 | Alejo12345 | Alejo12345 | [Luis llenar [Luis enters 'Luis' into Nombre del usuario, Luis enters 'Rey' into Apellido del usuario, Luis enters 'Cll 31 # 24 - 36' into Direccion de domicilio del usuario, Luis enters 'luisrey@gmail.com' into Correo electronico del usuario, Luis enters '3216549870' into Numero telefonico del usuario, Luis clicks on Genero del usuario, Luis clicks on Pasatiempo del usuario, Luis clicks on Idioma que habla el usuario, Luis clicks on Idioma que habla el usuario, Luis select Java on Lenguaje de programacion que maneja el usuario]]
[Test worker] WARN net.thucydides.core.steps.BaseStepListener - stepStarted: net.thucydides.core.steps.ExecutedStepDescription@59d9c476
[Test worker] WARN net.thucydides.core.steps.BaseStepListener - stepFinished: current outcome:Register in the web Automation Demo Site:Given that Luis wants to access the web Automation Demo Site [Luis open up [Luis opens the Automation demo site], Luis complete data [Luis opens the Automation demo site]], When he performs the registration on the page
| strFirstName | strLastName | strAddress | strEmailAddress | strPhone | strGender | strHobbies | strLanguages | strSkills | strCountry | strSelectCountry | strYearBirth | strMonthBirth | strDayBirth | strPassword | strConfirmPassword |
| Luis | Rey | Cll 31 # 24 - 36 | luisrey@gmail.com | 3216549870 | Male | Movies | English | Java | Select Country | Australia | 1999 | November | 8 | Alejo12345 | Alejo12345 | [Luis llenar [Luis enters 'Luis' into Nombre del usuario, Luis enters 'Rey' into Apellido del usuario, Luis enters 'Cll 31 # 24 - 36' into Direccion de domicilio del usuario, Luis enters 'luisrey@gmail.com' into Correo electronico del usuario, Luis enters '3216549870' into Numero telefonico del usuario, Luis clicks on Genero del usuario, Luis clicks on Pasatiempo del usuario, Luis clicks on Idioma que habla el usuario, Luis clicks on Idioma que habla el usuario, Luis select Java on Lenguaje de programacion que maneja el usuario, Luis clicks on Pais del usuario]]
[Test worker] WARN net.thucydides.core.steps.BaseStepListener - stepStarted: net.thucydides.core.steps.ExecutedStepDescription@27f70380
[Test worker] WARN net.thucydides.core.steps.BaseStepListener - stepFinished: current outcome:Register in the web Automation Demo Site:Given that Luis wants to access the web Automation Demo Site [Luis open up [Luis opens the Automation demo site], Luis complete data [Luis opens the Automation demo site]], When he performs the registration on the page
| strFirstName | strLastName | strAddress | strEmailAddress | strPhone | strGender | strHobbies | strLanguages | strSkills | strCountry | strSelectCountry | strYearBirth | strMonthBirth | strDayBirth | strPassword | strConfirmPassword |
| Luis | Rey | Cll 31 # 24 - 36 | luisrey@gmail.com | 3216549870 | Male | Movies | English | Java | Select Country | Australia | 1999 | November | 8 | Alejo12345 | Alejo12345 | [Luis llenar [Luis enters 'Luis' into Nombre del usuario, Luis enters 'Rey' into Apellido del usuario, Luis enters 'Cll 31 # 24 - 36' into Direccion de domicilio del usuario, Luis enters 'luisrey@gmail.com' into Correo electronico del usuario, Luis enters '3216549870' into Numero telefonico del usuario, Luis clicks on Genero del usuario, Luis clicks on Pasatiempo del usuario, Luis clicks on Idioma que habla el usuario, Luis clicks on Idioma que habla el usuario, Luis select Java on Lenguaje de programacion que maneja el usuario, Luis clicks on Pais del usuario, Luis clicks on Pais del usuario]]
[Test worker] WARN net.thucydides.core.steps.BaseStepListener - stepStarted: net.thucydides.core.steps.ExecutedStepDescription@1a430463
[Test worker] WARN net.thucydides.core.steps.BaseStepListener - stepFinished: current outcome:Register in the web Automation Demo Site:Given that Luis wants to access the web Automation Demo Site [Luis open up [Luis opens the Automation demo site], Luis complete data [Luis opens the Automation demo site]], When he performs the registration on the page
| strFirstName | strLastName | strAddress | strEmailAddress | strPhone | strGender | strHobbies | strLanguages | strSkills | strCountry | strSelectCountry | strYearBirth | strMonthBirth | strDayBirth | strPassword | strConfirmPassword |
| Luis | Rey | Cll 31 # 24 - 36 | luisrey@gmail.com | 3216549870 | Male | Movies | English | Java | Select Country | Australia | 1999 | November | 8 | Alejo12345 | Alejo12345 | [Luis llenar [Luis enters 'Luis' into Nombre del usuario, Luis enters 'Rey' into Apellido del usuario, Luis enters 'Cll 31 # 24 - 36' into Direccion de domicilio del usuario, Luis enters 'luisrey@gmail.com' into Correo electronico del usuario, Luis enters '3216549870' into Numero telefonico del usuario, Luis clicks on Genero del usuario, Luis clicks on Pasatiempo del usuario, Luis clicks on Idioma que habla el usuario, Luis clicks on Idioma que habla el usuario, Luis select Java on Lenguaje de programacion que maneja el usuario, Luis clicks on Pais del usuario, Luis clicks on Pais del usuario, Luis clicks on Pais de residencia del usuario]]
[Test worker] WARN net.thucydides.core.steps.BaseStepListener - stepStarted: net.thucydides.core.steps.ExecutedStepDescription@3e4ef3b8
[Test worker] WARN net.thucydides.core.steps.BaseStepListener - stepFinished: current outcome:Register in the web Automation Demo Site:Given that Luis wants to access the web Automation Demo Site [Luis open up [Luis opens the Automation demo site], Luis complete data [Luis opens the Automation demo site]], When he performs the registration on the page
| strFirstName | strLastName | strAddress | strEmailAddress | strPhone | strGender | strHobbies | strLanguages | strSkills | strCountry | strSelectCountry | strYearBirth | strMonthBirth | strDayBirth | strPassword | strConfirmPassword |
| Luis | Rey | Cll 31 # 24 - 36 | luisrey@gmail.com | 3216549870 | Male | Movies | English | Java | Select Country | Australia | 1999 | November | 8 | Alejo12345 | Alejo12345 | [Luis llenar [Luis enters 'Luis' into Nombre del usuario, Luis enters 'Rey' into Apellido del usuario, Luis enters 'Cll 31 # 24 - 36' into Direccion de domicilio del usuario, Luis enters 'luisrey@gmail.com' into Correo electronico del usuario, Luis enters '3216549870' into Numero telefonico del usuario, Luis clicks on Genero del usuario, Luis clicks on Pasatiempo del usuario, Luis clicks on Idioma que habla el usuario, Luis clicks on Idioma que habla el usuario, Luis select Java on Lenguaje de programacion que maneja el usuario, Luis clicks on Pais del usuario, Luis clicks on Pais del usuario, Luis clicks on Pais de residencia del usuario, Luis enters 'Australia' into Pais de residencia del usuario]]
[Test worker] WARN net.thucydides.core.steps.BaseStepListener - stepStarted: net.thucydides.core.steps.ExecutedStepDescription@4bf6454c
[Test worker] WARN net.thucydides.core.steps.BaseStepListener - stepFinished: current outcome:Register in the web Automation Demo Site:Given that Luis wants to access the web Automation Demo Site [Luis open up [Luis opens the Automation demo site], Luis complete data [Luis opens the Automation demo site]], When he performs the registration on the page
| strFirstName | strLastName | strAddress | strEmailAddress | strPhone | strGender | strHobbies | strLanguages | strSkills | strCountry | strSelectCountry | strYearBirth | strMonthBirth | strDayBirth | strPassword | strConfirmPassword |
| Luis | Rey | Cll 31 # 24 - 36 | luisrey@gmail.com | 3216549870 | Male | Movies | English | Java | Select Country | Australia | 1999 | November | 8 | Alejo12345 | Alejo12345 | [Luis llenar [Luis enters 'Luis' into Nombre del usuario, Luis enters 'Rey' into Apellido del usuario, Luis enters 'Cll 31 # 24 - 36' into Direccion de domicilio del usuario, Luis enters 'luisrey@gmail.com' into Correo electronico del usuario, Luis enters '3216549870' into Numero telefonico del usuario, Luis clicks on Genero del usuario, Luis clicks on Pasatiempo del usuario, Luis clicks on Idioma que habla el usuario, Luis clicks on Idioma que habla el usuario, Luis select Java on Lenguaje de programacion que maneja el usuario, Luis clicks on Pais del usuario, Luis clicks on Pais del usuario, Luis clicks on Pais de residencia del usuario, Luis enters 'Australia' into Pais de residencia del usuario, Luis types 'DOWN' in Pais de residencia del usuario]]
[Test worker] WARN net.thucydides.core.steps.BaseStepListener - stepStarted: net.thucydides.core.steps.ExecutedStepDescription@133036a5
[Test worker] WARN net.thucydides.core.steps.BaseStepListener - stepFinished: current outcome:Register in the web Automation Demo Site:Given that Luis wants to access the web Automation Demo Site [Luis open up [Luis opens the Automation demo site], Luis complete data [Luis opens the Automation demo site]], When he performs the registration on the page
| strFirstName | strLastName | strAddress | strEmailAddress | strPhone | strGender | strHobbies | strLanguages | strSkills | strCountry | strSelectCountry | strYearBirth | strMonthBirth | strDayBirth | strPassword | strConfirmPassword |
| Luis | Rey | Cll 31 # 24 - 36 | luisrey@gmail.com | 3216549870 | Male | Movies | English | Java | Select Country | Australia | 1999 | November | 8 | Alejo12345 | Alejo12345 | [Luis llenar [Luis enters 'Luis' into Nombre del usuario, Luis enters 'Rey' into Apellido del usuario, Luis enters 'Cll 31 # 24 - 36' into Direccion de domicilio del usuario, Luis enters 'luisrey@gmail.com' into Correo electronico del usuario, Luis enters '3216549870' into Numero telefonico del usuario, Luis clicks on Genero del usuario, Luis clicks on Pasatiempo del usuario, Luis clicks on Idioma que habla el usuario, Luis clicks on Idioma que habla el usuario, Luis select Java on Lenguaje de programacion que maneja el usuario, Luis clicks on Pais del usuario, Luis clicks on Pais del usuario, Luis clicks on Pais de residencia del usuario, Luis enters 'Australia' into Pais de residencia del usuario, Luis types 'DOWN' in Pais de residencia del usuario, Luis types 'ENTER' in Pais de residencia del usuario]]
[Test worker] WARN net.thucydides.core.steps.BaseStepListener - stepStarted: net.thucydides.core.steps.ExecutedStepDescription@1f68caaa
[Test worker] WARN net.thucydides.core.steps.BaseStepListener - stepFinished: current outcome:Register in the web Automation Demo Site:Given that Luis wants to access the web Automation Demo Site [Luis open up [Luis opens the Automation demo site], Luis complete data [Luis opens the Automation demo site]], When he performs the registration on the page
| strFirstName | strLastName | strAddress | strEmailAddress | strPhone | strGender | strHobbies | strLanguages | strSkills | strCountry | strSelectCountry | strYearBirth | strMonthBirth | strDayBirth | strPassword | strConfirmPassword |
| Luis | Rey | Cll 31 # 24 - 36 | luisrey@gmail.com | 3216549870 | Male | Movies | English | Java | Select Country | Australia | 1999 | November | 8 | Alejo12345 | Alejo12345 | [Luis llenar [Luis enters 'Luis' into Nombre del usuario, Luis enters 'Rey' into Apellido del usuario, Luis enters 'Cll 31 # 24 - 36' into Direccion de domicilio del usuario, Luis enters 'luisrey@gmail.com' into Correo electronico del usuario, Luis enters '3216549870' into Numero telefonico del usuario, Luis clicks on Genero del usuario, Luis clicks on Pasatiempo del usuario, Luis clicks on Idioma que habla el usuario, Luis clicks on Idioma que habla el usuario, Luis select Java on Lenguaje de programacion que maneja el usuario, Luis clicks on Pais del usuario, Luis clicks on Pais del usuario, Luis clicks on Pais de residencia del usuario, Luis enters 'Australia' into Pais de residencia del usuario, Luis types 'DOWN' in Pais de residencia del usuario, Luis types 'ENTER' in Pais de residencia del usuario, Luis select 1999 on AÃ±o de nacimiento del usuario]]
[Test worker] WARN net.thucydides.core.steps.BaseStepListener - stepStarted: net.thucydides.core.steps.ExecutedStepDescription@b23a511
[Test worker] WARN net.thucydides.core.steps.BaseStepListener - stepFinished: current outcome:Register in the web Automation Demo Site:Given that Luis wants to access the web Automation Demo Site [Luis open up [Luis opens the Automation demo site], Luis complete data [Luis opens the Automation demo site]], When he performs the registration on the page
| strFirstName | strLastName | strAddress | strEmailAddress | strPhone | strGender | strHobbies | strLanguages | strSkills | strCountry | strSelectCountry | strYearBirth | strMonthBirth | strDayBirth | strPassword | strConfirmPassword |
| Luis | Rey | Cll 31 # 24 - 36 | luisrey@gmail.com | 3216549870 | Male | Movies | English | Java | Select Country | Australia | 1999 | November | 8 | Alejo12345 | Alejo12345 | [Luis llenar [Luis enters 'Luis' into Nombre del usuario, Luis enters 'Rey' into Apellido del usuario, Luis enters 'Cll 31 # 24 - 36' into Direccion de domicilio del usuario, Luis enters 'luisrey@gmail.com' into Correo electronico del usuario, Luis enters '3216549870' into Numero telefonico del usuario, Luis clicks on Genero del usuario, Luis clicks on Pasatiempo del usuario, Luis clicks on Idioma que habla el usuario, Luis clicks on Idioma que habla el usuario, Luis select Java on Lenguaje de programacion que maneja el usuario, Luis clicks on Pais del usuario, Luis clicks on Pais del usuario, Luis clicks on Pais de residencia del usuario, Luis enters 'Australia' into Pais de residencia del usuario, Luis types 'DOWN' in Pais de residencia del usuario, Luis types 'ENTER' in Pais de residencia del usuario, Luis select 1999 on AÃ±o de nacimiento del usuario, Luis select November on Mes de nacimiento del usuario]]
[Test worker] WARN net.thucydides.core.steps.BaseStepListener - stepStarted: net.thucydides.core.steps.ExecutedStepDescription@2748d965
[Test worker] WARN net.thucydides.core.steps.BaseStepListener - stepFinished: current outcome:Register in the web Automation Demo Site:Given that Luis wants to access the web Automation Demo Site [Luis open up [Luis opens the Automation demo site], Luis complete data [Luis opens the Automation demo site]], When he performs the registration on the page
| strFirstName | strLastName | strAddress | strEmailAddress | strPhone | strGender | strHobbies | strLanguages | strSkills | strCountry | strSelectCountry | strYearBirth | strMonthBirth | strDayBirth | strPassword | strConfirmPassword |
| Luis | Rey | Cll 31 # 24 - 36 | luisrey@gmail.com | 3216549870 | Male | Movies | English | Java | Select Country | Australia | 1999 | November | 8 | Alejo12345 | Alejo12345 | [Luis llenar [Luis enters 'Luis' into Nombre del usuario, Luis enters 'Rey' into Apellido del usuario, Luis enters 'Cll 31 # 24 - 36' into Direccion de domicilio del usuario, Luis enters 'luisrey@gmail.com' into Correo electronico del usuario, Luis enters '3216549870' into Numero telefonico del usuario, Luis clicks on Genero del usuario, Luis clicks on Pasatiempo del usuario, Luis clicks on Idioma que habla el usuario, Luis clicks on Idioma que habla el usuario, Luis select Java on Lenguaje de programacion que maneja el usuario, Luis clicks on Pais del usuario, Luis clicks on Pais del usuario, Luis clicks on Pais de residencia del usuario, Luis enters 'Australia' into Pais de residencia del usuario, Luis types 'DOWN' in Pais de residencia del usuario, Luis types 'ENTER' in Pais de residencia del usuario, Luis select 1999 on AÃ±o de nacimiento del usuario, Luis select November on Mes de nacimiento del usuario, Luis select 8 on Dia de nacimiento del usuario]]
[Test worker] WARN net.thucydides.core.steps.BaseStepListener - stepStarted: net.thucydides.core.steps.ExecutedStepDescription@52590457
[Test worker] WARN net.thucydides.core.steps.BaseStepListener - stepFinished: current outcome:Register in the web Automation Demo Site:Given that Luis wants to access the web Automation Demo Site [Luis open up [Luis opens the Automation demo site], Luis complete data [Luis opens the Automation demo site]], When he performs the registration on the page
| strFirstName | strLastName | strAddress | strEmailAddress | strPhone | strGender | strHobbies | strLanguages | strSkills | strCountry | strSelectCountry | strYearBirth | strMonthBirth | strDayBirth | strPassword | strConfirmPassword |
| Luis | Rey | Cll 31 # 24 - 36 | luisrey@gmail.com | 3216549870 | Male | Movies | English | Java | Select Country | Australia | 1999 | November | 8 | Alejo12345 | Alejo12345 | [Luis llenar [Luis enters 'Luis' into Nombre del usuario, Luis enters 'Rey' into Apellido del usuario, Luis enters 'Cll 31 # 24 - 36' into Direccion de domicilio del usuario, Luis enters 'luisrey@gmail.com' into Correo electronico del usuario, Luis enters '3216549870' into Numero telefonico del usuario, Luis clicks on Genero del usuario, Luis clicks on Pasatiempo del usuario, Luis clicks on Idioma que habla el usuario, Luis clicks on Idioma que habla el usuario, Luis select Java on Lenguaje de programacion que maneja el usuario, Luis clicks on Pais del usuario, Luis clicks on Pais del usuario, Luis clicks on Pais de residencia del usuario, Luis enters 'Australia' into Pais de residencia del usuario, Luis types 'DOWN' in Pais de residencia del usuario, Luis types 'ENTER' in Pais de residencia del usuario, Luis select 1999 on AÃ±o de nacimiento del usuario, Luis select November on Mes de nacimiento del usuario, Luis select 8 on Dia de nacimiento del usuario, Luis enters 'Alejo12345' into ContraseÃ±a del usuario]]
[Test worker] WARN net.thucydides.core.steps.BaseStepListener - stepStarted: net.thucydides.core.steps.ExecutedStepDescription@12277864
[Test worker] WARN net.thucydides.core.steps.BaseStepListener - stepFinished: current outcome:Register in the web Automation Demo Site:Given that Luis wants to access the web Automation Demo Site [Luis open up [Luis opens the Automation demo site], Luis complete data [Luis opens the Automation demo site]], When he performs the registration on the page
| strFirstName | strLastName | strAddress | strEmailAddress | strPhone | strGender | strHobbies | strLanguages | strSkills | strCountry | strSelectCountry | strYearBirth | strMonthBirth | strDayBirth | strPassword | strConfirmPassword |
| Luis | Rey | Cll 31 # 24 - 36 | luisrey@gmail.com | 3216549870 | Male | Movies | English | Java | Select Country | Australia | 1999 | November | 8 | Alejo12345 | Alejo12345 | [Luis llenar [Luis enters 'Luis' into Nombre del usuario, Luis enters 'Rey' into Apellido del usuario, Luis enters 'Cll 31 # 24 - 36' into Direccion de domicilio del usuario, Luis enters 'luisrey@gmail.com' into Correo electronico del usuario, Luis enters '3216549870' into Numero telefonico del usuario, Luis clicks on Genero del usuario, Luis clicks on Pasatiempo del usuario, Luis clicks on Idioma que habla el usuario, Luis clicks on Idioma que habla el usuario, Luis select Java on Lenguaje de programacion que maneja el usuario, Luis clicks on Pais del usuario, Luis clicks on Pais del usuario, Luis clicks on Pais de residencia del usuario, Luis enters 'Australia' into Pais de residencia del usuario, Luis types 'DOWN' in Pais de residencia del usuario, Luis types 'ENTER' in Pais de residencia del usuario, Luis select 1999 on AÃ±o de nacimiento del usuario, Luis select November on Mes de nacimiento del usuario, Luis select 8 on Dia de nacimiento del usuario, Luis enters 'Alejo12345' into ContraseÃ±a del usuario, Luis enters 'Alejo12345' into Confirmar la contraseÃ±a del usuario]]
[Test worker] WARN net.thucydides.core.steps.BaseStepListener - stepStarted: net.thucydides.core.steps.ExecutedStepDescription@5273ab53
[Test worker] WARN net.thucydides.core.steps.BaseStepListener - stepFinished: current outcome:Register in the web Automation Demo Site:Given that Luis wants to access the web Automation Demo Site [Luis open up [Luis opens the Automation demo site], Luis complete data [Luis opens the Automation demo site]], When he performs the registration on the page
| strFirstName | strLastName | strAddress | strEmailAddress | strPhone | strGender | strHobbies | strLanguages | strSkills | strCountry | strSelectCountry | strYearBirth | strMonthBirth | strDayBirth | strPassword | strConfirmPassword |
| Luis | Rey | Cll 31 # 24 - 36 | luisrey@gmail.com | 3216549870 | Male | Movies | English | Java | Select Country | Australia | 1999 | November | 8 | Alejo12345 | Alejo12345 | [Luis llenar [Luis enters 'Luis' into Nombre del usuario, Luis enters 'Rey' into Apellido del usuario, Luis enters 'Cll 31 # 24 - 36' into Direccion de domicilio del usuario, Luis enters 'luisrey@gmail.com' into Correo electronico del usuario, Luis enters '3216549870' into Numero telefonico del usuario, Luis clicks on Genero del usuario, Luis clicks on Pasatiempo del usuario, Luis clicks on Idioma que habla el usuario, Luis clicks on Idioma que habla el usuario, Luis select Java on Lenguaje de programacion que maneja el usuario, Luis clicks on Pais del usuario, Luis clicks on Pais del usuario, Luis clicks on Pais de residencia del usuario, Luis enters 'Australia' into Pais de residencia del usuario, Luis types 'DOWN' in Pais de residencia del usuario, Luis types 'ENTER' in Pais de residencia del usuario, Luis select 1999 on AÃ±o de nacimiento del usuario, Luis select November on Mes de nacimiento del usuario, Luis select 8 on Dia de nacimiento del usuario, Luis enters 'Alejo12345' into ContraseÃ±a del usuario, Luis enters 'Alejo12345' into Confirmar la contraseÃ±a del usuario, Luis clicks on Confirmamos la informacion y enviamos]]
[Test worker] WARN net.thucydides.core.steps.BaseStepListener - stepFinished: current outcome:Register in the web Automation Demo Site:Given that Luis wants to access the web Automation Demo Site [Luis open up [Luis opens the Automation demo site], Luis complete data [Luis opens the Automation demo site]], When he performs the registration on the page
| strFirstName | strLastName | strAddress | strEmailAddress | strPhone | strGender | strHobbies | strLanguages | strSkills | strCountry | strSelectCountry | strYearBirth | strMonthBirth | strDayBirth | strPassword | strConfirmPassword |
| Luis | Rey | Cll 31 # 24 - 36 | luisrey@gmail.com | 3216549870 | Male | Movies | English | Java | Select Country | Australia | 1999 | November | 8 | Alejo12345 | Alejo12345 | [Luis llenar [Luis enters 'Luis' into Nombre del usuario, Luis enters 'Rey' into Apellido del usuario, Luis enters 'Cll 31 # 24 - 36' into Direccion de domicilio del usuario, Luis enters 'luisrey@gmail.com' into Correo electronico del usuario, Luis enters '3216549870' into Numero telefonico del usuario, Luis clicks on Genero del usuario, Luis clicks on Pasatiempo del usuario, Luis clicks on Idioma que habla el usuario, Luis clicks on Idioma que habla el usuario, Luis select Java on Lenguaje de programacion que maneja el usuario, Luis clicks on Pais del usuario, Luis clicks on Pais del usuario, Luis clicks on Pais de residencia del usuario, Luis enters 'Australia' into Pais de residencia del usuario, Luis types 'DOWN' in Pais de residencia del usuario, Luis types 'ENTER' in Pais de residencia del usuario, Luis select 1999 on AÃ±o de nacimiento del usuario, Luis select November on Mes de nacimiento del usuario, Luis select 8 on Dia de nacimiento del usuario, Luis enters 'Alejo12345' into ContraseÃ±a del usuario, Luis enters 'Alejo12345' into Confirmar la contraseÃ±a del usuario, Luis clicks on Confirmamos la informacion y enviamos]]
[Test worker] WARN net.thucydides.core.steps.BaseStepListener - stepFinished: current outcome:Register in the web Automation Demo Site:Given that Luis wants to access the web Automation Demo Site [Luis open up [Luis opens the Automation demo site], Luis complete data [Luis opens the Automation demo site]], When he performs the registration on the page
| strFirstName | strLastName | strAddress | strEmailAddress | strPhone | strGender | strHobbies | strLanguages | strSkills | strCountry | strSelectCountry | strYearBirth | strMonthBirth | strDayBirth | strPassword | strConfirmPassword |
| Luis | Rey | Cll 31 # 24 - 36 | luisrey@gmail.com | 3216549870 | Male | Movies | English | Java | Select Country | Australia | 1999 | November | 8 | Alejo12345 | Alejo12345 | [Luis llenar [Luis enters 'Luis' into Nombre del usuario, Luis enters 'Rey' into Apellido del usuario, Luis enters 'Cll 31 # 24 - 36' into Direccion de domicilio del usuario, Luis enters 'luisrey@gmail.com' into Correo electronico del usuario, Luis enters '3216549870' into Numero telefonico del usuario, Luis clicks on Genero del usuario, Luis clicks on Pasatiempo del usuario, Luis clicks on Idioma que habla el usuario, Luis clicks on Idioma que habla el usuario, Luis select Java on Lenguaje de programacion que maneja el usuario, Luis clicks on Pais del usuario, Luis clicks on Pais del usuario, Luis clicks on Pais de residencia del usuario, Luis enters 'Australia' into Pais de residencia del usuario, Luis types 'DOWN' in Pais de residencia del usuario, Luis types 'ENTER' in Pais de residencia del usuario, Luis select 1999 on AÃ±o de nacimiento del usuario, Luis select November on Mes de nacimiento del usuario, Luis select 8 on Dia de nacimiento del usuario, Luis enters 'Alejo12345' into ContraseÃ±a del usuario, Luis enters 'Alejo12345' into Confirmar la contraseÃ±a del usuario, Luis clicks on Confirmamos la informacion y enviamos]]
[Test worker] WARN net.thucydides.core.steps.BaseStepListener - stepStarted: net.thucydides.core.steps.ExecutedStepDescription@be41042
[Test worker] WARN net.thucydides.core.steps.BaseStepListener - stepFinished: current outcome:Register in the web Automation Demo Site:Given that Luis wants to access the web Automation Demo Site [Luis open up [Luis opens the Automation demo site], Luis complete data [Luis opens the Automation demo site]], When he performs the registration on the page
| strFirstName | strLastName | strAddress | strEmailAddress | strPhone | strGender | strHobbies | strLanguages | strSkills | strCountry | strSelectCountry | strYearBirth | strMonthBirth | strDayBirth | strPassword | strConfirmPassword |
| Luis | Rey | Cll 31 # 24 - 36 | luisrey@gmail.com | 3216549870 | Male | Movies | English | Java | Select Country | Australia | 1999 | November | 8 | Alejo12345 | Alejo12345 | [Luis llenar [Luis enters 'Luis' into Nombre del usuario, Luis enters 'Rey' into Apellido del usuario, Luis enters 'Cll 31 # 24 - 36' into Direccion de domicilio del usuario, Luis enters 'luisrey@gmail.com' into Correo electronico del usuario, Luis enters '3216549870' into Numero telefonico del usuario, Luis clicks on Genero del usuario, Luis clicks on Pasatiempo del usuario, Luis clicks on Idioma que habla el usuario, Luis clicks on Idioma que habla el usuario, Luis select Java on Lenguaje de programacion que maneja el usuario, Luis clicks on Pais del usuario, Luis clicks on Pais del usuario, Luis clicks on Pais de residencia del usuario, Luis enters 'Australia' into Pais de residencia del usuario, Luis types 'DOWN' in Pais de residencia del usuario, Luis types 'ENTER' in Pais de residencia del usuario, Luis select 1999 on AÃ±o de nacimiento del usuario, Luis select November on Mes de nacimiento del usuario, Luis select 8 on Dia de nacimiento del usuario, Luis enters 'Alejo12345' into ContraseÃ±a del usuario, Luis enters 'Alejo12345' into Confirmar la contraseÃ±a del usuario, Luis clicks on Confirmamos la informacion y enviamos]], Then verify that the screen in loaded with text - Double Click on Edit Icon to EDIT the Table Row.
[Test worker] WARN net.thucydides.core.steps.BaseStepListener - testFinished: Register in the web Automation Demo Site:Given that Luis wants to access the web Automation Demo Site [Luis open up [Luis opens the Automation demo site], Luis complete data [Luis opens the Automation demo site]], When he performs the registration on the page
| strFirstName | strLastName | strAddress | strEmailAddress | strPhone | strGender | strHobbies | strLanguages | strSkills | strCountry | strSelectCountry | strYearBirth | strMonthBirth | strDayBirth | strPassword | strConfirmPassword |
| Luis | Rey | Cll 31 # 24 - 36 | luisrey@gmail.com | 3216549870 | Male | Movies | English | Java | Select Country | Australia | 1999 | November | 8 | Alejo12345 | Alejo12345 | [Luis llenar [Luis enters 'Luis' into Nombre del usuario, Luis enters 'Rey' into Apellido del usuario, Luis enters 'Cll 31 # 24 - 36' into Direccion de domicilio del usuario, Luis enters 'luisrey@gmail.com' into Correo electronico del usuario, Luis enters '3216549870' into Numero telefonico del usuario, Luis clicks on Genero del usuario, Luis clicks on Pasatiempo del usuario, Luis clicks on Idioma que habla el usuario, Luis clicks on Idioma que habla el usuario, Luis select Java on Lenguaje de programacion que maneja el usuario, Luis clicks on Pais del usuario, Luis clicks on Pais del usuario, Luis clicks on Pais de residencia del usuario, Luis enters 'Australia' into Pais de residencia del usuario, Luis types 'DOWN' in Pais de residencia del usuario, Luis types 'ENTER' in Pais de residencia del usuario, Luis select 1999 on AÃ±o de nacimiento del usuario, Luis select November on Mes de nacimiento del usuario, Luis select 8 on Dia de nacimiento del usuario, Luis enters 'Alejo12345' into ContraseÃ±a del usuario, Luis enters 'Alejo12345' into Confirmar la contraseÃ±a del usuario, Luis clicks on Confirmamos la informacion y enviamos]], Then verify that the screen in loaded with text - Double Click on Edit Icon to EDIT the Table Row.
[Test worker] WARN net.thucydides.core.steps.BaseStepListener - TestOutcomes: [Register in the web Automation Demo Site:Given that Luis wants to access the web Automation Demo Site [Luis open up [Luis opens the Automation demo site], Luis complete data [Luis opens the Automation demo site]], When he performs the registration on the page
| strFirstName | strLastName | strAddress | strEmailAddress | strPhone | strGender | strHobbies | strLanguages | strSkills | strCountry | strSelectCountry | strYearBirth | strMonthBirth | strDayBirth | strPassword | strConfirmPassword |
| Luis | Rey | Cll 31 # 24 - 36 | luisrey@gmail.com | 3216549870 | Male | Movies | English | Java | Select Country | Australia | 1999 | November | 8 | Alejo12345 | Alejo12345 | [Luis llenar [Luis enters 'Luis' into Nombre del usuario, Luis enters 'Rey' into Apellido del usuario, Luis enters 'Cll 31 # 24 - 36' into Direccion de domicilio del usuario, Luis enters 'luisrey@gmail.com' into Correo electronico del usuario, Luis enters '3216549870' into Numero telefonico del usuario, Luis clicks on Genero del usuario, Luis clicks on Pasatiempo del usuario, Luis clicks on Idioma que habla el usuario, Luis clicks on Idioma que habla el usuario, Luis select Java on Lenguaje de programacion que maneja el usuario, Luis clicks on Pais del usuario, Luis clicks on Pais del usuario, Luis clicks on Pais de residencia del usuario, Luis enters 'Australia' into Pais de residencia del usuario, Luis types 'DOWN' in Pais de residencia del usuario, Luis types 'ENTER' in Pais de residencia del usuario, Luis select 1999 on AÃ±o de nacimiento del usuario, Luis select November on Mes de nacimiento del usuario, Luis select 8 on Dia de nacimiento del usuario, Luis enters 'Alejo12345' into ContraseÃ±a del usuario, Luis enters 'Alejo12345' into Confirmar la contraseÃ±a del usuario, Luis clicks on Confirmamos la informacion y enviamos]], Then verify that the screen in loaded with text - Double Click on Edit Icon to EDIT the Table Row.]
[Test worker] WARN net.thucydides.core.steps.BaseStepListener - Final testOutcomes: [Register in the web Automation Demo Site:Given that Luis wants to access the web Automation Demo Site [Luis open up [Luis opens the Automation demo site], Luis complete data [Luis opens the Automation demo site]], When he performs the registration on the page
| strFirstName | strLastName | strAddress | strEmailAddress | strPhone | strGender | strHobbies | strLanguages | strSkills | strCountry | strSelectCountry | strYearBirth | strMonthBirth | strDayBirth | strPassword | strConfirmPassword |
| Luis | Rey | Cll 31 # 24 - 36 | luisrey@gmail.com | 3216549870 | Male | Movies | English | Java | Select Country | Australia | 1999 | November | 8 | Alejo12345 | Alejo12345 | [Luis llenar [Luis enters 'Luis' into Nombre del usuario, Luis enters 'Rey' into Apellido del usuario, Luis enters 'Cll 31 # 24 - 36' into Direccion de domicilio del usuario, Luis enters 'luisrey@gmail.com' into Correo electronico del usuario, Luis enters '3216549870' into Numero telefonico del usuario, Luis clicks on Genero del usuario, Luis clicks on Pasatiempo del usuario, Luis clicks on Idioma que habla el usuario, Luis clicks on Idioma que habla el usuario, Luis select Java on Lenguaje de programacion que maneja el usuario, Luis clicks on Pais del usuario, Luis clicks on Pais del usuario, Luis clicks on Pais de residencia del usuario, Luis enters 'Australia' into Pais de residencia del usuario, Luis types 'DOWN' in Pais de residencia del usuario, Luis types 'ENTER' in Pais de residencia del usuario, Luis select 1999 on AÃ±o de nacimiento del usuario, Luis select November on Mes de nacimiento del usuario, Luis select 8 on Dia de nacimiento del usuario, Luis enters 'Alejo12345' into ContraseÃ±a del usuario, Luis enters 'Alejo12345' into Confirmar la contraseÃ±a del usuario, Luis clicks on Confirmamos la informacion y enviamos]], Then verify that the screen in loaded with text - Double Click on Edit Icon to EDIT the Table Row.]
[Test worker] INFO net.thucydides.core.steps.ConsoleLoggingListener - 
        __    _____ _____ ____ _____   ____   _    ____  ____  _____ ____  
  _     \ \  |_   _| ____/ ___|_   _| |  _ \ / \  / ___|/ ___|| ____|  _ \ 
 (_)_____| |   | | |  _| \___ \ | |   | |_) / _ \ \___ \\___ \|  _| | | | |
  _|_____| |   | | | |___ ___) || |   |  __/ ___ \ ___) |___) | |___| |_| |
 (_)     | |   |_| |_____|____/ |_|   |_| /_/   \_\____/|____/|_____|____/ 
        /_/                                                                

TEST PASSED: Register in the web Automation Demo Site
----------------------------------------------------------------------------
]]></system-err>
</testsuite>
